TN:
SF:backend/api/app.js
FN:14,(anonymous_0)
FN:19,(anonymous_1)
FNF:2
FNH:0
FNDA:0,(anonymous_0)
FNDA:0,(anonymous_1)
DA:1,5
DA:2,5
DA:3,5
DA:4,5
DA:6,5
DA:7,5
DA:9,5
DA:10,5
DA:11,5
DA:14,5
DA:16,5
DA:19,5
DA:20,0
DA:21,0
LF:14
LH:12
BRDA:21,0,0,0
BRDA:21,0,1,0
BRDA:21,1,0,0
BRDA:21,1,1,0
BRF:4
BRH:0
end_of_record
TN:
SF:backend/api/models/delivery.js
FNF:0
FNH:0
DA:1,5
DA:3,5
DA:19,5
LF:3
LH:3
BRDA:19,0,0,5
BRDA:19,0,1,5
BRF:2
BRH:2
end_of_record
TN:
SF:backend/api/models/product.js
FNF:0
FNH:0
DA:1,5
DA:3,5
DA:12,5
LF:3
LH:3
BRDA:12,0,0,5
BRDA:12,0,1,5
BRF:2
BRH:2
end_of_record
TN:
SF:backend/api/models/user.js
FNF:0
FNH:0
DA:1,5
DA:3,5
DA:11,5
LF:3
LH:3
BRDA:11,0,0,5
BRDA:11,0,1,5
BRF:2
BRH:2
end_of_record
TN:
SF:backend/api/routes/delivery.js
FN:7,generateTrackingId
FN:12,(anonymous_1)
FN:22,(anonymous_2)
FN:35,(anonymous_3)
FN:59,(anonymous_4)
FN:75,(anonymous_5)
FNF:6
FNH:5
FNDA:2,generateTrackingId
FNDA:0,(anonymous_1)
FNDA:2,(anonymous_2)
FNDA:7,(anonymous_3)
FNDA:2,(anonymous_4)
FNDA:1,(anonymous_5)
DA:1,5
DA:2,5
DA:3,5
DA:4,5
DA:5,5
DA:8,2
DA:12,5
DA:13,0
DA:14,0
DA:15,0
DA:17,0
DA:22,5
DA:23,2
DA:24,2
DA:25,2
DA:26,1
DA:28,1
DA:30,0
DA:35,5
DA:36,7
DA:37,7
DA:40,7
DA:41,6
DA:42,6
DA:43,2
DA:45,4
DA:46,0
DA:49,4
DA:50,4
DA:51,4
DA:52,3
DA:54,2
DA:59,5
DA:60,2
DA:61,2
DA:65,1
DA:66,0
DA:68,1
DA:70,1
DA:75,5
DA:76,1
DA:77,1
DA:78,1
DA:79,0
DA:81,1
DA:83,0
DA:87,5
LF:47
LH:38
BRDA:25,0,0,1
BRDA:25,0,1,1
BRDA:42,1,0,2
BRDA:42,1,1,4
BRDA:45,2,0,0
BRDA:45,2,1,4
BRDA:49,3,0,4
BRDA:49,3,1,2
BRDA:65,4,0,0
BRDA:65,4,1,1
BRDA:78,5,0,0
BRDA:78,5,1,1
BRF:12
BRH:9
end_of_record
TN:
SF:backend/api/routes/product.js
FN:6,(anonymous_0)
FN:16,(anonymous_1)
FN:29,(anonymous_2)
FN:40,(anonymous_3)
FN:56,(anonymous_4)
FNF:5
FNH:5
FNDA:1,(anonymous_0)
FNDA:3,(anonymous_1)
FNDA:7,(anonymous_2)
FNDA:1,(anonymous_3)
FNDA:1,(anonymous_4)
DA:1,5
DA:2,5
DA:3,5
DA:6,5
DA:7,1
DA:8,1
DA:9,1
DA:11,0
DA:16,5
DA:17,3
DA:18,3
DA:19,3
DA:20,2
DA:22,1
DA:24,0
DA:29,5
DA:30,7
DA:31,7
DA:32,7
DA:33,4
DA:35,3
DA:40,5
DA:41,1
DA:42,1
DA:46,1
DA:47,0
DA:49,1
DA:51,0
DA:56,5
DA:57,1
DA:58,1
DA:59,1
DA:60,0
DA:62,1
DA:64,0
DA:68,5
LF:36
LH:30
BRDA:19,0,0,2
BRDA:19,0,1,1
BRDA:46,1,0,0
BRDA:46,1,1,1
BRDA:59,2,0,0
BRDA:59,2,1,1
BRF:6
BRH:4
end_of_record
TN:
SF:backend/api/routes/user.js
FN:6,(anonymous_0)
FN:16,(anonymous_1)
FN:29,(anonymous_2)
FN:49,(anonymous_3)
FN:65,(anonymous_4)
FNF:5
FNH:5
FNDA:1,(anonymous_0)
FNDA:4,(anonymous_1)
FNDA:9,(anonymous_2)
FNDA:1,(anonymous_3)
FNDA:1,(anonymous_4)
DA:1,5
DA:2,5
DA:3,5
DA:6,5
DA:7,1
DA:8,1
DA:9,1
DA:11,0
DA:16,5
DA:17,4
DA:18,4
DA:19,2
DA:20,1
DA:22,1
DA:24,2
DA:29,5
DA:30,9
DA:32,9
DA:33,2
DA:35,7
DA:36,7
DA:37,2
DA:40,5
DA:41,5
DA:42,5
DA:44,0
DA:49,5
DA:50,1
DA:51,1
DA:55,1
DA:56,0
DA:58,1
DA:60,0
DA:65,5
DA:66,1
DA:67,1
DA:68,1
DA:69,0
DA:71,1
DA:73,0
DA:77,5
LF:41
LH:35
BRDA:19,0,0,1
BRDA:19,0,1,1
BRDA:32,1,0,2
BRDA:32,1,1,7
BRDA:36,2,0,2
BRDA:36,2,1,5
BRDA:55,3,0,0
BRDA:55,3,1,1
BRDA:68,4,0,0
BRDA:68,4,1,1
BRF:10
BRH:8
end_of_record
