TN:
SF:backend/api/app.js
FN:14,(anonymous_0)
FN:19,(anonymous_1)
FNF:2
FNH:0
FNDA:0,(anonymous_0)
FNDA:0,(anonymous_1)
DA:1,4
DA:2,4
DA:3,4
DA:4,4
DA:6,4
DA:7,4
DA:9,4
DA:10,4
DA:11,4
DA:14,4
DA:16,4
DA:19,4
DA:20,0
DA:21,0
LF:14
LH:12
BRDA:21,0,0,0
BRDA:21,0,1,0
BRDA:21,1,0,0
BRDA:21,1,1,0
BRF:4
BRH:0
end_of_record
TN:
SF:backend/api/models/delivery.js
FNF:0
FNH:0
DA:1,4
DA:3,4
DA:19,4
LF:3
LH:3
BRDA:19,0,0,4
BRDA:19,0,1,4
BRF:2
BRH:2
end_of_record
TN:
SF:backend/api/models/product.js
FNF:0
FNH:0
DA:1,4
DA:3,4
DA:12,4
LF:3
LH:3
BRDA:12,0,0,4
BRDA:12,0,1,4
BRF:2
BRH:2
end_of_record
TN:
SF:backend/api/models/user.js
FNF:0
FNH:0
DA:1,4
DA:3,4
DA:11,4
LF:3
LH:3
BRDA:11,0,0,4
BRDA:11,0,1,4
BRF:2
BRH:2
end_of_record
TN:
SF:backend/api/routes/delivery.js
FN:7,generateTrackingId
FN:12,(anonymous_1)
FN:22,(anonymous_2)
FN:33,(anonymous_3)
FN:53,(anonymous_4)
FN:64,(anonymous_5)
FNF:6
FNH:5
FNDA:2,generateTrackingId
FNDA:0,(anonymous_1)
FNDA:2,(anonymous_2)
FNDA:6,(anonymous_3)
FNDA:2,(anonymous_4)
FNDA:1,(anonymous_5)
DA:1,4
DA:2,4
DA:3,4
DA:4,4
DA:5,4
DA:8,2
DA:12,4
DA:13,0
DA:14,0
DA:15,0
DA:17,0
DA:22,4
DA:23,2
DA:24,2
DA:25,2
DA:26,1
DA:28,0
DA:33,4
DA:34,6
DA:35,6
DA:38,6
DA:39,5
DA:40,5
DA:41,4
DA:43,4
DA:44,4
DA:45,4
DA:46,3
DA:48,2
DA:53,4
DA:54,2
DA:55,2
DA:56,1
DA:57,1
DA:59,1
DA:64,4
DA:65,1
DA:66,1
DA:67,1
DA:68,1
DA:70,0
DA:74,4
LF:42
LH:36
BRDA:25,0,0,1
BRDA:25,0,1,1
BRDA:40,1,0,1
BRDA:40,1,1,4
BRDA:41,2,0,0
BRDA:41,2,1,4
BRDA:43,3,0,4
BRDA:43,3,1,2
BRDA:56,4,0,0
BRDA:56,4,1,1
BRDA:67,5,0,0
BRDA:67,5,1,1
BRF:12
BRH:9
end_of_record
TN:
SF:backend/api/routes/product.js
FN:6,(anonymous_0)
FN:16,(anonymous_1)
FN:27,(anonymous_2)
FN:38,(anonymous_3)
FN:49,(anonymous_4)
FNF:5
FNH:5
FNDA:1,(anonymous_0)
FNDA:3,(anonymous_1)
FNDA:6,(anonymous_2)
FNDA:1,(anonymous_3)
FNDA:1,(anonymous_4)
DA:1,4
DA:2,4
DA:3,4
DA:6,4
DA:7,1
DA:8,1
DA:9,1
DA:11,0
DA:16,4
DA:17,3
DA:18,3
DA:19,3
DA:20,1
DA:22,0
DA:27,4
DA:28,6
DA:29,6
DA:30,6
DA:31,4
DA:33,2
DA:38,4
DA:39,1
DA:40,1
DA:41,1
DA:42,1
DA:44,0
DA:49,4
DA:50,1
DA:51,1
DA:52,1
DA:53,1
DA:55,0
DA:59,4
LF:33
LH:29
BRDA:19,0,0,2
BRDA:19,0,1,1
BRDA:41,1,0,0
BRDA:41,1,1,1
BRDA:52,2,0,0
BRDA:52,2,1,1
BRF:6
BRH:4
end_of_record
TN:
SF:backend/api/routes/user.js
FN:6,(anonymous_0)
FN:16,(anonymous_1)
FN:27,(anonymous_2)
FN:43,(anonymous_3)
FN:54,(anonymous_4)
FNF:5
FNH:5
FNDA:1,(anonymous_0)
FNDA:3,(anonymous_1)
FNDA:7,(anonymous_2)
FNDA:1,(anonymous_3)
FNDA:1,(anonymous_4)
DA:1,4
DA:2,4
DA:3,4
DA:6,4
DA:7,1
DA:8,1
DA:9,1
DA:11,0
DA:16,4
DA:17,3
DA:18,3
DA:19,2
DA:20,1
DA:22,1
DA:27,4
DA:28,7
DA:30,7
DA:31,6
DA:32,6
DA:34,5
DA:35,5
DA:36,5
DA:38,0
DA:43,4
DA:44,1
DA:45,1
DA:46,1
DA:47,1
DA:49,0
DA:54,4
DA:55,1
DA:56,1
DA:57,1
DA:58,1
DA:60,0
DA:64,4
LF:36
LH:32
BRDA:19,0,0,1
BRDA:19,0,1,1
BRDA:30,1,0,1
BRDA:30,1,1,6
BRDA:32,2,0,1
BRDA:32,2,1,5
BRDA:46,3,0,0
BRDA:46,3,1,1
BRDA:57,4,0,0
BRDA:57,4,1,1
BRF:10
BRH:8
end_of_record
